#
# There is insufficient memory for the Java Runtime Environment to continue.
# Native memory allocation (malloc) failed to allocate 1048576 bytes for AllocateHeap
# Possible reasons:
#   The system is out of physical RAM or swap space
#   The process is running with CompressedOops enabled, and the Java Heap may be blocking the growth of the native heap
# Possible solutions:
#   Reduce memory load on the system
#   Increase physical memory or swap space
#   Check if swap backing store is full
#   Decrease Java heap size (-Xmx/-Xms)
#   Decrease number of Java threads
#   Decrease Java thread stack sizes (-Xss)
#   Set larger code cache with -XX:ReservedCodeCacheSize=
#   JVM is running with Unscaled Compressed Oops mode in which the Java heap is
#     placed in the first 4GB address space. The Java Heap base address is the
#     maximum limit for the native heap growth. Please use -XX:HeapBaseMinAddress
#     to set the Java Heap base and to place the Java Heap above 4GB virtual address.
# This output file may be truncated or incomplete.
#
#  Out of Memory Error (memory/allocation.inline.hpp:61), pid=8284, tid=0x0000000000000844
#
# JRE version:  (8.0_221-b11) (build )
# Java VM: Java HotSpot(TM) 64-Bit Server VM (25.221-b11 mixed mode windows-amd64 compressed oops)
# Failed to write core dump. Minidumps are not enabled by default on client versions of Windows
#

---------------  T H R E A D  ---------------

Current thread (0x0000000002ea3800):  JavaThread "Unknown thread" [_thread_in_vm, id=2116, stack(0x0000000002d80000,0x0000000002e80000)]

Stack: [0x0000000002d80000,0x0000000002e80000]
[error occurred during error reporting (printing stack bounds), id 0xc0000005]

Native frames: (J=compiled Java code, j=interpreted, Vv=VM code, C=native code)


---------------  P R O C E S S  ---------------

Java Threads: ( => current thread )

Other Threads:

=>0x0000000002ea3800 (exited) JavaThread "Unknown thread" [_thread_in_vm, id=2116, stack(0x0000000002d80000,0x0000000002e80000)]

VM state:not at safepoint (normal execution)

VM Mutex/Monitor currently owned by a thread: None

heap address: 0x00000000c2000000, size: 992 MB, Compressed Oops mode: 32-bit
Narrow klass base: 0x0000000000000000, Narrow klass shift: 3
Compressed class space size: 1073741824 Address: 0x0000000100000000

Heap:
 PSYoungGen      total 18432K, used 317K [0x00000000eb580000, 0x00000000eca00000, 0x0000000100000000)
  eden space 15872K, 2% used [0x00000000eb580000,0x00000000eb5cf5d0,0x00000000ec500000)
  from space 2560K, 0% used [0x00000000ec780000,0x00000000ec780000,0x00000000eca00000)
  to   space 2560K, 0% used [0x00000000ec500000,0x00000000ec500000,0x00000000ec780000)
 ParOldGen       total 42496K, used 0K [0x00000000c2000000, 0x00000000c4980000, 0x00000000eb580000)
  object space 42496K, 0% used [0x00000000c2000000,0x00000000c2000000,0x00000000c4980000)
 Metaspace       used 752K, capacity 4480K, committed 4480K, reserved 1056768K
  class space    used 76K, capacity 384K, committed 384K, reserved 1048576K

Card table byte_map: [0x0000000012360000,0x0000000012560000] byte_map_base: 0x0000000011d50000

Marking Bits: (ParMarkBitMap*) 0x0000000071ca5ce0
 Begin Bits: [0x0000000012ab0000, 0x0000000013a30000)
 End Bits:   [0x0000000013a30000, 0x00000000149b0000)

Polling page: 0x00000000015e0000

CodeCache: size=245760Kb used=328Kb max_used=328Kb free=245431Kb
 bounds [0x0000000002fa0000, 0x0000000003210000, 0x0000000011fa0000]
 total_blobs=58 nmethods=0 adapters=38
 compilation: enabled

Compilation events (0 events):
No events

GC Heap History (0 events):
No events

Deoptimization events (0 events):
No events

Classes redefined (0 events):
No events

Internal exceptions (0 events):
No events

Events (10 events):
Event: 0.188 loading class java/lang/Short
Event: 0.188 loading class java/lang/Short done
Event: 0.189 loading class java/lang/Integer
Event: 0.189 loading class java/lang/Integer done
Event: 0.189 loading class java/lang/Long
Event: 0.189 loading class java/lang/Long done
Event: 0.190 loading class java/lang/NullPointerException
Event: 0.190 loading class java/lang/NullPointerException done
Event: 0.190 loading class java/lang/ArithmeticException
Event: 0.190 loading class java/lang/ArithmeticException done


Dynamic libraries:
0x00007ff7264a0000 - 0x00007ff7264d7000 	C:\Program Files\Java\jre1.8.0_221\bin\javaw.exe
0x00007ff876330000 - 0x00007ff876501000 	C:\Windows\SYSTEM32\ntdll.dll
0x00007ff874810000 - 0x00007ff8748bc000 	C:\Windows\System32\KERNEL32.DLL
0x00007ff8729b0000 - 0x00007ff872bcd000 	C:\Windows\System32\KERNELBASE.dll
0x00007ff8748d0000 - 0x00007ff874972000 	C:\Windows\System32\ADVAPI32.dll
0x00007ff873cd0000 - 0x00007ff873d6e000 	C:\Windows\System32\msvcrt.dll
0x00007ff873a60000 - 0x00007ff873ab9000 	C:\Windows\System32\sechost.dll
0x00007ff874040000 - 0x00007ff874161000 	C:\Windows\System32\RPCRT4.dll
0x00007ff874210000 - 0x00007ff874375000 	C:\Windows\System32\USER32.dll
0x00007ff8734e0000 - 0x00007ff8734fe000 	C:\Windows\System32\win32u.dll
0x00007ff873e90000 - 0x00007ff873ec4000 	C:\Windows\System32\GDI32.dll
0x00007ff872c80000 - 0x00007ff872e00000 	C:\Windows\System32\gdi32full.dll
0x00007ff85d960000 - 0x00007ff85dbda000 	C:\Windows\WinSxS\amd64_microsoft.windows.common-controls_6595b64144ccf1df_6.0.14393.953_none_42151e83c686086b\COMCTL32.dll
0x00007ff875e90000 - 0x00007ff876158000 	C:\Windows\System32\combase.dll
0x00007ff8735a0000 - 0x00007ff873695000 	C:\Windows\System32\ucrtbase.dll
0x00007ff872940000 - 0x00007ff8729aa000 	C:\Windows\System32\bcryptPrimitives.dll
0x00007ff8741e0000 - 0x00007ff87420e000 	C:\Windows\System32\IMM32.DLL
0x0000000071170000 - 0x0000000071242000 	C:\Program Files\Java\jre1.8.0_221\bin\msvcr100.dll
0x0000000071480000 - 0x0000000071d25000 	C:\Program Files\Java\jre1.8.0_221\bin\server\jvm.dll
0x00007ff874030000 - 0x00007ff874038000 	C:\Windows\System32\PSAPI.DLL
0x00007ff865fd0000 - 0x00007ff865fd9000 	C:\Windows\SYSTEM32\WSOCK32.dll
0x00007ff874170000 - 0x00007ff8741da000 	C:\Windows\System32\WS2_32.dll
0x00007ff870c20000 - 0x00007ff870c43000 	C:\Windows\SYSTEM32\WINMM.dll
0x00007ff865b50000 - 0x00007ff865b5a000 	C:\Windows\SYSTEM32\VERSION.dll
0x00007ff870bf0000 - 0x00007ff870c1b000 	C:\Windows\SYSTEM32\WINMMBASE.dll
0x00007ff8736a0000 - 0x00007ff8736e2000 	C:\Windows\System32\cfgmgr32.dll
0x00007ff870350000 - 0x00007ff87035f000 	C:\Program Files\Java\jre1.8.0_221\bin\verify.dll
0x00007ff86a050000 - 0x00007ff86a079000 	C:\Program Files\Java\jre1.8.0_221\bin\java.dll
0x00007ff86a4f0000 - 0x00007ff86a506000 	C:\Program Files\Java\jre1.8.0_221\bin\zip.dll

VM Arguments:
jvm_args: -Dfile.encoding=UTF-8 
java_command: com.codeintground.moviecatalogservice.MovieCatalogServiceApplication
java_class_path (initial): E:\Projects_Microservies\movie-catalog-service\target\classes;C:\Users\Piyush\.m2\repository\org\springframework\boot\spring-boot-starter-web\2.2.6.RELEASE\spring-boot-starter-web-2.2.6.RELEASE.jar;C:\Users\Piyush\.m2\repository\org\springframework\boot\spring-boot-starter\2.2.6.RELEASE\spring-boot-starter-2.2.6.RELEASE.jar;C:\Users\Piyush\.m2\repository\org\springframework\boot\spring-boot\2.2.6.RELEASE\spring-boot-2.2.6.RELEASE.jar;C:\Users\Piyush\.m2\repository\org\springframework\boot\spring-boot-autoconfigure\2.2.6.RELEASE\spring-boot-autoconfigure-2.2.6.RELEASE.jar;C:\Users\Piyush\.m2\repository\org\springframework\boot\spring-boot-starter-logging\2.2.6.RELEASE\spring-boot-starter-logging-2.2.6.RELEASE.jar;C:\Users\Piyush\.m2\repository\ch\qos\logback\logback-classic\1.2.3\logback-classic-1.2.3.jar;C:\Users\Piyush\.m2\repository\ch\qos\logback\logback-core\1.2.3\logback-core-1.2.3.jar;C:\Users\Piyush\.m2\repository\org\apache\logging\log4j\log4j-to-slf4j\2.12.1\log4j-to-slf4j-2.12.1.jar;C:\Users\Piyush\.m2\repository\org\apache\logging\log4j\log4j-api\2.12.1\log4j-api-2.12.1.jar;C:\Users\Piyush\.m2\repository\org\slf4j\jul-to-slf4j\1.7.30\jul-to-slf4j-1.7.30.jar;C:\Users\Piyush\.m2\repository\jakarta\annotation\jakarta.annotation-api\1.3.5\jakarta.annotation-api-1.3.5.jar;C:\Users\Piyush\.m2\repository\org\yaml\snakeyaml\1.25\snakeyaml-1.25.jar;C:\Users\Piyush\.m2\repository\org\springframework\boot\spring-boot-starter-json\2.2.6.RELEASE\spring-boot-starter-json-2.2.6.RELEASE.jar;C:\Users\Piyush\.m2\repository\com\fasterxml\jackson\core\jackson-databind\2.10.3\jackson-databind-2.10.3.jar;C:\Users\Piyush\.m2\repository\com\fasterxml\jackson\core\jackson-annotations\2.10.3\jackson-annotations-2.10.3.jar;C:\Users\Piyush\.m2\repository\com\fasterxml\jackson\core\jackson-core\2.10.3\jackson-core-2.10.3.jar;C:\Users\Piyush\.m2\repository\com\fasterxml\jackson\datatype\jackson-datatype-jdk8\2.10.3\jackson-datatype-jdk8-2.10.3.jar;C:\Users
Launcher Type: SUN_STANDARD

Environment Variables:
CLASSPATH=C:\Program Files\Java\jdk1.7.0\bin
PATH=C:/Program Files/Java/jre1.8.0_221/bin/server;C:/Program Files/Java/jre1.8.0_221/bin;C:/Program Files/Java/jre1.8.0_221/lib/amd64;C:\Oracle\app\oracle\product\11.2.0\server\bin;;C:\Program Files (x86)\Common Files\Oracle\Java\javapath;C:\oraclexe\app\oracle\product\11.2.0\server\bin;C:\Windows\system32;C:\Windows;C:\Windows\System32\Wbem;C:\Windows\System32\WindowsPowerShell\v1.0\;C:\Program Files\Java\jdk1.8.0_221\bin;C:\Users\Piyush\Downloads\sts-4.3.1.RELEASE;
USERNAME=Piyush
OS=Windows_NT
PROCESSOR_IDENTIFIER=Intel64 Family 6 Model 78 Stepping 3, GenuineIntel



---------------  S Y S T E M  ---------------

OS: Windows 10.0 , 64 bit Build 14393 (10.0.14393.1198)

CPU:total 4 (initial active 4) (2 cores per cpu, 2 threads per core) family 6 model 78 stepping 3, cmov, cx8, fxsr, mmx, sse, sse2, sse3, ssse3, sse4.1, sse4.2, popcnt, avx, avx2, aes, clmul, erms, 3dnowpref, lzcnt, ht, tsc, tscinvbit, bmi1, bmi2, adx

Memory: 4k page, physical 4059364k(201652k free), swap 16642276k(5500k free)

vm_info: Java HotSpot(TM) 64-Bit Server VM (25.221-b11) for windows-amd64 JRE (1.8.0_221-b11), built on Jul  4 2019 04:39:29 by "java_re" with MS VC++ 10.0 (VS2010)

time: Sat Apr 11 22:02:09 2020
timezone: India Standard Time
elapsed time: 0 seconds (0d 0h 0m 0s)

